[5.577s] DEBUG:colcon:Command line arguments: ['/usr/bin/colcon', 'build', '--packages-select', 'rover_comms']
[5.582s] DEBUG:colcon:Parsed command line arguments: Namespace(ament_cmake_args=None, base_paths=['.'], build_base='build', catkin_cmake_args=None, catkin_skip_building_tests=False, cmake_args=None, cmake_clean_cache=False, cmake_clean_first=False, cmake_force_configure=False, cmake_target=None, cmake_target_skip_unavailable=False, continue_on_error=False, event_handlers=None, executor='parallel', ignore_user_meta=False, install_base='install', log_base=None, log_level=None, main=<bound method BuildVerb.main of <colcon_core.verb.build.BuildVerb object at 0x4000032daf28>>, merge_install=False, metas=['./colcon.meta'], packages_above=None, packages_above_and_dependencies=None, packages_above_depth=None, packages_end=None, packages_ignore=None, packages_ignore_regex=None, packages_select=['rover_comms'], packages_select_build_failed=False, packages_select_by_dep=None, packages_select_regex=None, packages_select_test_failures=False, packages_skip=None, packages_skip_build_finished=False, packages_skip_by_dep=None, packages_skip_regex=None, packages_skip_test_passed=False, packages_skip_up_to=None, packages_start=None, packages_up_to=None, packages_up_to_regex=None, parallel_workers=20, paths=None, symlink_install=False, test_result_base=None, verb_extension=<colcon_core.verb.build.BuildVerb object at 0x4000032daf28>, verb_name='build', verb_parser=<colcon_defaults.argument_parser.defaults.DefaultArgumentsDecorator object at 0x40000345bf28>)
[5.863s] Level 1:colcon.colcon_core.package_discovery:discover_packages(colcon_meta) check parameters
[5.865s] Level 1:colcon.colcon_core.package_discovery:discover_packages(recursive) check parameters
[5.866s] Level 1:colcon.colcon_core.package_discovery:discover_packages(ignore) check parameters
[5.866s] Level 1:colcon.colcon_core.package_discovery:discover_packages(path) check parameters
[5.866s] Level 1:colcon.colcon_core.package_discovery:discover_packages(colcon_meta) discover
[5.870s] Level 1:colcon.colcon_core.package_discovery:discover_packages(recursive) discover
[5.871s] INFO:colcon.colcon_core.package_discovery:Crawling recursively for packages in '/root/ros2_ws/src/rover_comms'
[5.873s] Level 1:colcon.colcon_core.package_identification:_identify(.) by extensions ['ignore', 'ignore_ament_install']
[5.875s] Level 1:colcon.colcon_core.package_identification:_identify(.) by extension 'ignore'
[5.877s] Level 1:colcon.colcon_core.package_identification:_identify(.) by extension 'ignore_ament_install'
[5.878s] Level 1:colcon.colcon_core.package_identification:_identify(.) by extensions ['colcon_pkg']
[5.878s] Level 1:colcon.colcon_core.package_identification:_identify(.) by extension 'colcon_pkg'
[5.879s] Level 1:colcon.colcon_core.package_identification:_identify(.) by extensions ['colcon_meta']
[5.879s] Level 1:colcon.colcon_core.package_identification:_identify(.) by extension 'colcon_meta'
[5.880s] Level 1:colcon.colcon_core.package_identification:_identify(.) by extensions ['ros']
[5.881s] Level 1:colcon.colcon_core.package_identification:_identify(.) by extension 'ros'
[6.627s] DEBUG:colcon.colcon_core.package_identification:Package '.' with type 'ros.ament_cmake' and name 'rover_comms'
[6.628s] Level 1:colcon.colcon_core.package_discovery:discover_packages(recursive) using defaults
[6.631s] Level 1:colcon.colcon_core.package_discovery:discover_packages(ignore) discover
[6.632s] Level 1:colcon.colcon_core.package_discovery:discover_packages(ignore) using defaults
[6.632s] Level 1:colcon.colcon_core.package_discovery:discover_packages(path) discover
[6.633s] Level 1:colcon.colcon_core.package_discovery:discover_packages(path) using defaults
[6.968s] Level 5:colcon.colcon_core.verb:set package 'rover_comms' build argument 'cmake_args' from command line to 'None'
[6.971s] Level 5:colcon.colcon_core.verb:set package 'rover_comms' build argument 'cmake_target' from command line to 'None'
[6.974s] Level 5:colcon.colcon_core.verb:set package 'rover_comms' build argument 'cmake_target_skip_unavailable' from command line to 'False'
[6.976s] Level 5:colcon.colcon_core.verb:set package 'rover_comms' build argument 'cmake_clean_cache' from command line to 'False'
[6.977s] Level 5:colcon.colcon_core.verb:set package 'rover_comms' build argument 'cmake_clean_first' from command line to 'False'
[6.978s] Level 5:colcon.colcon_core.verb:set package 'rover_comms' build argument 'cmake_force_configure' from command line to 'False'
[6.979s] Level 5:colcon.colcon_core.verb:set package 'rover_comms' build argument 'ament_cmake_args' from command line to 'None'
[6.981s] Level 5:colcon.colcon_core.verb:set package 'rover_comms' build argument 'catkin_cmake_args' from command line to 'None'
[6.983s] Level 5:colcon.colcon_core.verb:set package 'rover_comms' build argument 'catkin_skip_building_tests' from command line to 'False'
[6.985s] DEBUG:colcon.colcon_core.verb:Building package 'rover_comms' with the following arguments: {'ament_cmake_args': None, 'build_base': '/root/ros2_ws/src/rover_comms/build/rover_comms', 'catkin_cmake_args': None, 'catkin_skip_building_tests': False, 'cmake_args': None, 'cmake_clean_cache': False, 'cmake_clean_first': False, 'cmake_force_configure': False, 'cmake_target': None, 'cmake_target_skip_unavailable': False, 'install_base': '/root/ros2_ws/src/rover_comms/install/rover_comms', 'merge_install': False, 'path': '/root/ros2_ws/src/rover_comms', 'symlink_install': False, 'test_result_base': None}
[6.990s] INFO:colcon.colcon_core.executor:Executing jobs using 'parallel' executor
[7.061s] DEBUG:colcon.colcon_parallel_executor.executor.parallel:run_until_complete
[7.128s] INFO:colcon.colcon_ros.task.ament_cmake.build:Building ROS package in '/root/ros2_ws/src/rover_comms' with build type 'ament_cmake'
[7.153s] INFO:colcon.colcon_cmake.task.cmake.build:Building CMake package in '/root/ros2_ws/src/rover_comms'
[7.262s] INFO:colcon.colcon_core.plugin_system:Skipping extension 'colcon_core.shell.bat': Not used on non-Windows systems
[7.283s] INFO:colcon.colcon_core.shell:Skip shell extension 'powershell' for command environment: Not usable outside of PowerShell
[7.286s] DEBUG:colcon.colcon_core.shell:Skip shell extension 'dsv' for command environment
[7.357s] WARNING:colcon.colcon_core.shell:The package 'plotjuggler' previously found at '/root/plotjuggler_ws/install' was found again at '/root/plotjuggler_ws/install/plotjuggler'. Ignoring '/root/plotjuggler_ws/install/plotjuggler'
[7.688s] DEBUG:colcon.colcon_core.event_handler.log_command:Invoking command in '/root/ros2_ws/src/rover_comms/build/rover_comms': CMAKE_PREFIX_PATH=${CMAKE_PREFIX_PATH}:/root/ros2_ws/install/rqt_plot:/root/ros2_ws/install/ros2controlcli VIRTUAL_ENV_PROMPT=(py311venv) /usr/local/bin/cmake /root/ros2_ws/src/rover_comms -DCMAKE_INSTALL_PREFIX=/root/ros2_ws/src/rover_comms/install/rover_comms
[49.164s] DEBUG:colcon.colcon_core.event_handler.log_command:Invoked command in '/root/ros2_ws/src/rover_comms/build/rover_comms' returned '1': CMAKE_PREFIX_PATH=${CMAKE_PREFIX_PATH}:/root/ros2_ws/install/rqt_plot:/root/ros2_ws/install/ros2controlcli VIRTUAL_ENV_PROMPT=(py311venv) /usr/local/bin/cmake /root/ros2_ws/src/rover_comms -DCMAKE_INSTALL_PREFIX=/root/ros2_ws/src/rover_comms/install/rover_comms
[49.589s] Level 1:colcon.colcon_core.environment:create_environment_scripts_only(rover_comms)
[49.645s] Level 1:colcon.colcon_core.environment:checking '/root/ros2_ws/src/rover_comms/install/rover_comms' for CMake module files
[49.650s] Level 1:colcon.colcon_core.environment:checking '/root/ros2_ws/src/rover_comms/install/rover_comms' for CMake config files
[49.660s] Level 1:colcon.colcon_core.environment:checking '/root/ros2_ws/src/rover_comms/install/rover_comms/bin'
[49.663s] Level 1:colcon.colcon_core.environment:checking '/root/ros2_ws/src/rover_comms/install/rover_comms/lib/pkgconfig/rover_comms.pc'
[49.666s] Level 1:colcon.colcon_core.environment:checking '/root/ros2_ws/src/rover_comms/install/rover_comms/lib/python3.6/site-packages'
[49.669s] Level 1:colcon.colcon_core.environment:checking '/root/ros2_ws/src/rover_comms/install/rover_comms/bin'
[49.674s] INFO:colcon.colcon_core.shell:Creating package script '/root/ros2_ws/src/rover_comms/install/rover_comms/share/rover_comms/package.ps1'
[49.691s] INFO:colcon.colcon_core.shell:Creating package descriptor '/root/ros2_ws/src/rover_comms/install/rover_comms/share/rover_comms/package.dsv'
[49.697s] INFO:colcon.colcon_core.shell:Creating package script '/root/ros2_ws/src/rover_comms/install/rover_comms/share/rover_comms/package.sh'
[49.708s] INFO:colcon.colcon_core.shell:Creating package script '/root/ros2_ws/src/rover_comms/install/rover_comms/share/rover_comms/package.bash'
[49.725s] INFO:colcon.colcon_core.shell:Creating package script '/root/ros2_ws/src/rover_comms/install/rover_comms/share/rover_comms/package.zsh'
[49.740s] Level 1:colcon.colcon_core.environment:create_file_with_runtime_dependencies(/root/ros2_ws/src/rover_comms/install/rover_comms/share/colcon-core/packages/rover_comms)
[49.750s] DEBUG:colcon.colcon_parallel_executor.executor.parallel:closing loop
[49.753s] DEBUG:colcon.colcon_parallel_executor.executor.parallel:loop closed
[49.753s] DEBUG:colcon.colcon_parallel_executor.executor.parallel:run_until_complete finished with '1'
[49.754s] DEBUG:colcon.colcon_core.event_reactor:joining thread
[49.850s] INFO:colcon.colcon_core.plugin_system:Skipping extension 'colcon_notification.desktop_notification.notify_send': Could not find 'notify-send'
[49.852s] INFO:colcon.colcon_core.plugin_system:Skipping extension 'colcon_notification.desktop_notification.terminal_notifier': Not used on non-Darwin systems
[49.853s] INFO:colcon.colcon_core.plugin_system:Skipping extension 'colcon_notification.desktop_notification.win32': Not used on non-Windows systems
[49.854s] INFO:colcon.colcon_notification.desktop_notification:Sending desktop notification using 'notify2'
[49.875s] DEBUG:colcon.colcon_notification.desktop_notification.notify2:Failed to initialize notify2: org.freedesktop.DBus.Error.Spawn.ExecFailed: /usr/bin/dbus-launch terminated abnormally without any error message
[49.876s] DEBUG:colcon.colcon_core.event_reactor:joined thread
[49.884s] INFO:colcon.colcon_core.shell:Creating prefix script '/root/ros2_ws/src/rover_comms/install/local_setup.ps1'
[49.905s] INFO:colcon.colcon_core.shell:Creating prefix util module '/root/ros2_ws/src/rover_comms/install/_local_setup_util_ps1.py'
[49.942s] INFO:colcon.colcon_core.shell:Creating prefix chain script '/root/ros2_ws/src/rover_comms/install/setup.ps1'
[49.986s] INFO:colcon.colcon_core.shell:Creating prefix script '/root/ros2_ws/src/rover_comms/install/local_setup.sh'
[50.000s] INFO:colcon.colcon_core.shell:Creating prefix util module '/root/ros2_ws/src/rover_comms/install/_local_setup_util_sh.py'
[50.006s] INFO:colcon.colcon_core.shell:Creating prefix chain script '/root/ros2_ws/src/rover_comms/install/setup.sh'
[50.039s] INFO:colcon.colcon_core.shell:Creating prefix script '/root/ros2_ws/src/rover_comms/install/local_setup.bash'
[50.045s] INFO:colcon.colcon_core.shell:Creating prefix chain script '/root/ros2_ws/src/rover_comms/install/setup.bash'
[50.081s] INFO:colcon.colcon_core.shell:Creating prefix script '/root/ros2_ws/src/rover_comms/install/local_setup.zsh'
[50.088s] INFO:colcon.colcon_core.shell:Creating prefix chain script '/root/ros2_ws/src/rover_comms/install/setup.zsh'
